cn.cj.pe
cn.emagsoftware.gamehall
cn.wps.moffice_eng
com.UCMobile
com.achievo.vipshop
com.android.email
com.baidu.BaiduMap
com.baidu.input_mi
com.baidu.searchbox
com.chinamobile.mcloud
com.cmdc.optimal
com.cmic.mmnes
com.dragon.read
com.duokan.free
com.duokan.reader
com.eastmoney.android.berlin
com.eg.android.AlipayGphone
com.greenpoint.android.mc10086.activity
com.hipu.yidian
com.mi.health
com.mi.liveassistant
com.miui.huanji
com.miui.miuibbs
com.miui.notes
com.miui.userguide
com.miui.virtualsim
com.qiyi.video
com.sina.weibo
com.sina.weibolite
com.smile.gifmaker
com.ss.android.article.news
com.ss.android.ugc.aweme
com.taobao.taobao
com.tencent.mtt
com.tencent.qqlive
com.tencent.weishi
com.wuba
com.xiaomi.gamecenter
com.xiaomi.jr
com.xiaomi.pass
com.xiaomi.scanner
com.xiaomi.shop
com.xiaomi.smarthome
com.xiaomi.vipaccount
com.xiaomi.youpin
com.xunmeng.pinduoduo
com.zhihu.android
tv.danmaku.bili