先说说OTG是啥意思吧
就是下面俩链接的宝贝，价钱大概5到20元左右，一般带线的自然要贵的多，USB3.0由于传输速度比USB2.0要快所以买USB3.0的一般又要贵。
所以要自行根据需求购买。只刷机不传输文件买个5块钱左右的纯转接头USB2.0也是可以搞机的

一种带线的
https://m.tb.cn/h.VacI5Vk?sm=1aeff2
一种是纯转接头
https://m.tb.cn/h.eAXKS8z?sm=fc07c9

其实OTG转USB并不单单只能用来搞机，他的用途可是很大的，因为安卓本身就支持OTG
包括第三方REC里也支持OTG刷机，插上U盘直接即可刷机


那么OTG转USB一般用于哪些地方呢？
- 1.插U盘、硬盘，直接读取里面的文件

- 2.OTG端插入本机，然后USB连接对方设备，对方设备选择文件传输，然后打开方式记得选安卓自带的文件管理器即可进行读取对方设备文件并复制到本机，说白了就是本机当电脑使用。
注：如果打开方式，不慎点了别的不支持文件管理器（当然有的三方文件管理器也支持OTG文件管理），不需要重新插拔直接在对方设备下拉通知改为仅充电然后再选文件传输即可。

- 3.OTG端插入本机，然后USB连接鼠标键盘，进行键盘打字玩游戏


注：如果你买的OTG转接头发现不能进行文件读取传输，本页OTG功能区也将不能使用。



OTG功能区说明：

OTG端口插入本机，然后USB连接对方设备，仅充电，文件传输随便选能出现USB调试授权窗口就OK

当被控制的手机插入数据线时，会出现一个「 允许USB调试吗？」授权弹窗，记得确定授权！否则所有OTG功能会无法正常使用
然后可以检查设备是否连接成功，当然如果功能正常使用也无需每次使用功能都检查

如果不慎点了拒绝，前往-->检查设备是否连接成功-->点击异常修复即可
当然你不嫌麻烦也可以请前往开发者选项里点击「 撤销 USB 调试授权 」即可


注意：部分机型做了限制，所有请确保「 USB 调试 」和「 USB 安装 」和 「 USB 调试（安全设置）」
这3个开关都在打开状态，否则部分功能也可能会无法正常使用


关于怎么进开发者选项也举例说明一下
请前往关于本机里，连续点击版本号即可
以下拿小米机型做演示步骤
设置 --> 我的设备 --> 全部参数 --> MIUI版本
（大概点击MIUI版本5次，即可看到下方toast弹窗提示您已进入开发者选项）
进入方式：
设置 --> 更多设置 --> 开发者选项




Recovery恢复模式功能区说明：
请将被操控的手机，用ADB高级重启，将对方设备重启到恢复模式


Recovery模式下Sideload线刷，用途顾名思义就是只需要操控端有卡刷包即可，不要发包给对方即可帮助刷机，让卡刷变线刷

确保已经刷了第三方REC（当然有的机型官方REC也有这个功能）然后在REC里选择ADB Sideload刷机模式即可，有的也叫ADB线刷




FASTBOOT（引导模式）说明：
请将被操控的手机，用ADB高级重启，将对方设备重启到FASTBOOT（引导模式）


线刷ROM：（该功能类似于miflash）
把官方提供的线刷包全部解压到某个目录，路径中最好不要有空格，然后选择对应的.sh脚本

方案①需要自己选择好对应的刷机脚本，手机给手机也可以线刷
常用的脚本名称如下：

flash_all.sh 清除全部数据
flash_all_except_data.sh 保留用户data数据
flash_all_lock.sh 清除全部数据并lock上锁
flash_all_lock_crc.sh 清除全部数据并lock上锁并进行CRC文件效验

方案②把线刷包解压到我提示的规定目录，然后勾选线刷即可


注意：如果跨安卓版本，或者降级最好不要选保留用户data数据，否则可能会卡开机，推介用「清除全部数据」


线刷Recovery：
刷入临时REC一般是给官方系统使用的，因为官方系统，你刷入REC重启又强制回到官方REC
所以只能选择刷入临时REC启动，然后再TWRP里再刷一遍.img镜像文件即可，听说刷入REC成功后，再REC功能里选择「签名boot」也可以阻止自动恢复官方REC
当然，最简单的还是刷一个面具的Magisk.zip文件阻止自动恢复官方REC
