#Ainur Narsil
ainur_narsil='NARSIL是系统范围内的音频修改，有助于保持android播放轨与大多数声音FX（OpenSL&hardware dsp）的清洁。这对于具有强大内部编解码器和DAC的设备来说可能特别方便—只需由制造商调谐纯硬件音频。'
#AOSP Pill for OxygenOS 10
aospill='用于氧气OS的AOSP手势栏：此模块会将Oxygen OS 10大手势栏（使用android 10手势时）更改为较小的AOSP（以防万一，您不喜欢Oneplus使用的大手势）'
ARCore_enabler='支持ARCore对不受支持的设备的支持，并允许通过Play Store或Play Store附加组件直接安装Playground软件包和其他支持ARCore的应用程序'
ASUS_Style_Suite='ROG手机应用程序端口-移植实时壁纸+相机'
AppOpsPlugin='通过Rikka启用应用程序操作的系统插件模式（在安卓P上工作）'
BluetoothLibraryPatcher='Magisk模块可避免重启后蓝牙配对丢失或在三星设备上切换飞行模式'
CAIO='小米的各种相机贴片高通660'
#Axet''s Call Recorder
callrecorder_axet='「Axet''s呼叫记录器」此模块安装axet调用记录器作为一个系统应用程序，允许它使用，捕获_音频输出系统允许正确记录调用。（最低支持的API是19(Android4.4)，这个模块在旧的Android版本中可能并不需要）特征：兼容F-Droid更新：通过F-Droid将应用程序更新到最新版本'
Caprica='适用于Android系统的Caprica字体样式'
CloudflareDNS4Magisk='使用新的Cloudflare DNS系统lessy！就这么简单'
CloudflareDNS4Magisk_IPv6='使用Magisk的新Cloudflare DNS！就这么简单'
Detach='分离面向主题的应用程序的市场链接，最初由hinxnz创建，通过Rom移植到Magisk上'
#China Telecom Enabler
ctenabler='本模块主要为了非国行手机可以使用中国电信而设计。默认会使用VoLTE作为语音网络的选项。当然，你可以在网络设置中将其关闭。'DualSpeakerModBYlscambo='使主扬声器和听筒扬声器能够在华硕Zenfone Max Pro M1和M2上协同工作'
#External Display Manager
edm='EDM可用于调整外接hdmi连接的显示空间和密度，显示而不调整现有显示。'
ExSDCard='为Nougat和Oreo上的应用程序启用外部SD卡写入访问，包括Oreo专用功能！SD卡的新路径：/mnt/media_rw/'
Fdroid_Priv='安装F-Droid特权扩展'
Fontchanger='用于应用228种可下载字体和表情符号以及用户提供的字体和表情符号的终端脚本'
GoogleDialerFramework='安装Google Dialer aka Google框架'
HEVCEnabler='在OnePlus 3/3T和5上启用HEVC（高效视频编解码器），并在Google Camera中使用股票比特率和60fps视频录制和慢速运动'
Heart_Rate_Sensor_Enabler='在运行基于AOSP的ROM的三星Galaxy S5 Snapdragon 801机型上启用心率传感器 (Nougat/Oreo/Pie)'
HideGesBar='启用沉浸式手势导航栏Android 10.'
HideNavBar='为Android 10启用全屏手势'
IPControl='完全纯C++输入的性能稳定的本土化输入功率控制工具'
InitdInjector='添加init.d支持'
KaliNethunter='安装轻量级版本Kali Nethunter的模块'
LiveDisplayFixUnity='基于Android 9.0的ROMs在Moto G5/G5S上的各种修复'
MagiskHidePropsConf='更改设备的指纹，以通过SafetyNet的CTS配置文件检查。设置/重置MagiskHide设置的属性值。轻松更改任何道具值，并设置自己的自定义道具'
MiA2Camera='小米Mi A2的库存相机应用和自定义ROM的库'
MiPushFake='一个将miui prop插入系统的模块'
NFC4PRA_GSI='所有你需要得到的基林655设备的GSI ROM上的NFC。它也可以在其他设备上工作。它在华为P8 Lite 2017（麒麟655）上进行了测试，同时运行了phhusson的三倍AOSP'
NFCScreenOff='屏幕关闭时启用NFC'
OP3_T_BITRATE_MOD='录制高达320 kbps的视频时提高音频比特率'
OneController='该模块添加.kl文件（键盘布局），用于Dualshock 4/3, Xbox One/S, Xbox 360'
OnePlusGmailBatteryFix='放置一个特定的xml文件，该文件禁用OxygenOS上Gmail的任何电池优化'
OneUISounds='一个UI系统声音'
Oxy_ify='获取Oxygen OS系统启动动画，自定义媒体，应用程序和OnePlus Slate字体'
OxygenOSGpsBackChina='If you not live in China, please dont install the module./氧OS GPS回国模块，解决导航不准的问题'
PIXELARITY='包含像素排他性、修复和调整，以提高运行设备的用户体验 Android 9/10'
PS4RE='对于非索尼设备，启用PlayStore的PS4远程播放'
Pix3lify='端口像素范围独家功能；像素蓝色主题口音，产品无字体，警报，通知声音，铃声，用户界面音频；启用像素墙纸，启用谷歌呼叫筛选，启用夜光（设备相关），白日梦虚拟现实支持，添加设备手势到设置，启用Camera2 API和EIS支持（每个设备不同）'
RR_O_boot='开机动画RR 6'
Razerite='Razer启动动画，自定义媒体，壁纸和应用程序'
Thermal_Unlock_PocoF1='在Poco F1上释放高通骁龙845最大性能'
Twemoji_systemless='将emoji字体替换为Twemoji'
UniversalGMSDoze='防止不必要的GMS唤醒锁在后台运行，通过附加的修改服务进行优化和调整'
ViPER4AndroidFX='ViPER4AndroidFX reborn - v2.7.x'
ViPER4AndroidFX_Legacy='Vi PER4Android FX是一种音频增强软件，可为每个人提供更好的音频体验（在安装过程中可以在Material 2.5、2.5.0.5和2.3.4.0之间进行选择）'
ViPER4AndroidXHiFi='ViPER4Android XHiFi是一款音频增强软件，为每个人提供更好的音频体验'
WDAnimationcxair='有助于在安装过程中使用音量键将任何受支持设备的引导动画、关机动画和表情转换为此模块中包含的动画和表情的模块'
WiFi_Extender='应用WiFi+热点补丁MIUI11'
XiaomiAI_remap='将小米Mi 9和Mi Mix 3上的AI按钮重新映射为15个功能中的1个'
acc='这主要是为了延长电池使用寿命。另一方面，名字说明了一切。建议使用最新的稳定版Magisk。有关详细信息，请参阅README.md。如果您位于Magisk Manager>下载中，请单击此处打开文档'
acp='修正了音乐和流媒体应用程序（Spotify，Pandora等），它们没有通过修改音频策略来处理各种均衡器应用程序的音频效果'
active_edge_system_mod='允许结合Edge Sense Plus自定义活动边缘'
adb_ndk='adb & fastboot命令文件'
adreno_630_gpu_driver='适用于Adreno 630的最新GPU驱动程序(高通骁龙845).'
adreno_dev='替换高通公司的ROM Adreno GPU驱动程序'
ainur_jamesdsp='JamesDSPManager是一个基于AOSP和OmniROM DSPManager源代码的改进的音频引擎，具有增强的特性和调整功能'
ainur_sauron='支持大多数CPU和根解决方案的通用音频修改。增强音频，应用系统范围的实验补丁'
airaudio='此模块启用AirAudio的“系统模式”，并允许您将所有音频流传送到任何启用网络的接收器'
aml='AudModLib是一个框架，允许在Magisk中无缝集成多个音频mod'
apt_x='添加APTX libraries到-system 支持Adroid 8+'
aria2c='aria2是一个轻量级的多协议和多源命令行下载实用程序。aarch64架构的上游版本1.35.0'
benchkit='以开发人员为中心的工具包，有助于进行深入的性能分析和基准测试'
bixby_remap='在三星S8, S8+, S9, S9+, S10e, S10 and S10+上重新映射Bixby按钮 to 1 of 15 functions.'
bromitewebview='安装Bromite System Webview, 在（几乎）任何ROM上！您可以屏蔽广告和指纹，并以此保护您的隐私. 作者：by @csagan5. 请参阅自述文件README.md以获得支持 (在Magisk Manager的“下载”中点击模块)'
busybox_ndk='适用于所有Android架构，busybox命令文件'
callrecorder_skvalex='该应用程序可以用root和magisk的功能记录来自线路的电话'
ccbins='越来越多的android交叉编译静态二进制文件'
chinese_sim_supporter='使pixel 3支持中国SIM'
clash_for_magisk='一个基于规则的隧道'
com_catchingnow_icebox='加快Ice Box的冻结和解冻速度'
com_piyushgarg_rclone='使用rclone和fusermount在本地装载云存储。几乎无限的存储扩展，支持数十个云提供商。非常适用于流式传输大型媒体文件，无需完全缓存。直接从rclone.org获得的二进制文件。有关更多信息，请参阅README.md'
cwme='自定义双摄像头水印！'
digitalwellbeingport='Digital Wellbeing apps for AOSP-like roms. / 类原生 rom 用的数字健康'
disable_mdnsd='禁用multicast DNS程序'
disable_screenshot_camera_sounds='禁用屏幕截图和相机声音（添加了android 10支持 @compliment)'
djs='在引导和HH:MM运行命令和脚本。支持任何根解决方案。建议使用最新的稳定Magisk版本。有关详细信息，请参阅README.md。如果您在Magisk Manager>下载中，请单击此处打开文档'
dns_switch='更改DNS服务器'
dnscrypt_proxy2='一种灵活的DNS代理，支持现代加密DNS协议，如DNSCrypt v2、HTTP/2上的DNS和匿名DNSCrypt。使用上游版本DNSCrypt proxy 2.0.39'
dualspeakermod_op3_3t='启用听筒作为扬声器OnePlus 3/3T'
energizedprotection='让我们一起创造一个没有烦恼的更好的开放互联网吧！https://energized.pro'
ext_kb_remap='重新映射外部键盘的键'
foxy_boot='用内核环缓冲区或Android日志替换Android引导动画'
fpcam='使用指纹扫描仪为Redmi Note 4/X Snapdragon设备拍摄照片'
gcam_module_kenzo='这个模块用修改过的libs替换了一些原始libs，以启用/修复kenzo/kate的Google Camera中的特定功能'
gcamenablexmi8l='此模块支持gcam，并为小米MI8Lite Platina安装了带有android Pie的前置摄像头'
gjf_bt='增加SBC编解码器蓝牙音频比特率的模块，还支持aptX和aptxHD编解码器'
gvisualmod='Android的各种视觉模型。包括你最喜欢的RoundyUI'
hidden_settings='通过终端修改设置的图形界面'
iYTBP_Vanced_Magisk_Repo='Youtube[广告]改进了Youtube的模式版本，增加了许多附加功能，如广告屏蔽、背景播放、主题制作等'
iYTBP_Vanced_black_Magisk_Repo='Youtube[广告]改进了Youtube的模式版本，增加了许多附加功能，如广告屏蔽、背景播放、主题制作等'
iceobelisk_tsukushimarugoasleek='在华硕Zenfone Max Pro M1（X00TD）Oreo]上的测试系统将字体替换为Tsukushimarugo-A（中日韩）和sleek'
kb_mute_camera='静音相机声音的模块'
kfmark='开机自动激活快否'
liboemcryptodisabler='在ROOT设备上禁用liboemcrypto.so以允许播放受DRM保护的内容（例如Netflix、My5等）'
libsecure_storage='修改了系统库，以恢复各种已ROOT三星设备上蓝牙配对的保留'
libvendorconnstub='在系统日志中消除有关propClient的持续警告'
logcat='捕获启动日志/data/local/boot/boot-$time.log QQ群：855219808'
#Magisk DRM Disabler
magisk_drm_disabler='从Android中禁用DRM'
magisk_frida='Frida是面向开发人员，逆向工程人员和安全研究人员的动态仪表工具包，MagiskFrida允许您使用Magisk在启动时运行frida-server'
mgskfixes='Magisk的一些修复，重点是GSI兼容性'
mi9stereo='耳机作为立体声效果的辅助扬声器'
microg_installer='将 microG GmsCore, GsfProxy & DroidGuard Helper安装到/system/priv-app'
miracast_enabler='在Pie上启用Miracast屏幕镜像。未在非Pixel设备上测试'
miui10camapi2='在GCam中启用相机EIS、HAL3、SlowMo，30/60fps固定夜间视频。为MIUI 10/11修订。对于红米4X。For Redmi 4X.'
miui_10_sounds='此模块可将系统优美的MIUI 10声音添加到任何ROM中'
mm='通过恢复（例如TWRP）管理您的Magisk v17-19模块-在恢复终端上运行sh /sdcard/mm'
motoclockwidget='安装摩托罗拉时钟部件'
movecert='将证书从用户证书存储移到系统存储。删除*网络可能被监视*警告'
mtd_ndk='flash-erase、nanddump、nandfrite 命令文件'
nano_ndk='nano命令文件'
navbar_overlay='显示/隐藏导航栏。检测设备是否有导航栏'
nexusmedia='将ROM铃声/通知/系统声音和引导动画替换为最近退役的Nexus设备的铃声/通知/系统声音和引导动画'
nokia_extensions='获取更多纯净、可靠和最新的功能 NOKIA'
noneDisplayCutout='此模块为您提供了一个隐藏设备显示切口（凹口）的选项。QQ群：855219808'
notocjk='NotoCJK (NotoSansCJK & NotoSerifCJK) 所有安卓设备的全局字体补丁'
oneplus3simnfc='snowwolf725模块的更新版本，在oneplus 3/3t上启用sim nfc'
oneplusdotfix='这个模块用修改过的摄像头库替换了必要的摄像头库，修改后的摄像头库修复了虚线图案叠加问题，使用OnePlus 5/5T上的Google camera Mod增强了前置摄像头HDR以及纵向模式'
oosbar='Oxygen OS AOSP 10设备的手势栏'
oosnativecallrecordingenabler='此模块启用OxygenOS（和基于它的ROMs）上的本机呼叫记录功能'
op3frontcamfix='将OnePlus 3T前置摄像头分辨率提高至16 MP；在前置摄像头上启用HDR+、portrait、raw等，使GCAM无需apk也可以工作'
op3slowmofix='通过使用Oxygen OS Nougat相机Hal修复OnePlus 3/3T的慢动作'
op5tlongshotpng='（对于OP5T OOS 9.0.7）一个模块，它将OP5T OPLongshot固定为生成PNG屏幕截图'
op6_headphone_boost='将预设的耳机默认系统音量从80增加到92'
optmizedgpsconf='此模块用一组GPS配置文件替换默认GPS配置文件，以实现更快的锁定和更精确的定位'
overlayfix='修复与magisk冲突的重叠安装问题（经常在/product中看到)'
pirasalbebellotafont='应用Bellota字体'
pirasalbegoogleproductsans='应用Google产品Sans'
pixel2colours='此模块可启用Pixel 2的颜色，并修复One Plus 5 5T上的Abf，预览和过度曝光'
pixel_complementary_live_wallpapers='Google Pixel动态壁纸'
quickstepswitcher='QuickSwitch是一个Magisk模块，它可以在任何支持的启动程序中启用Pie recents（Quickstep）'
riru_clipboard_whitelist='Riru的一个模块。允许特定应用程序在后台访问剪贴板Android 10'
riru_core='提供一种将代码注入zygote进程的方法，这是名称以“Riru”开头的模块所必需的模块'
#Riru - EdXposed
riru_edxposed='一款基于Riru 23+ API开发的Xposed框架，支持运行在安卓8-11系统上。需要安装Riru v23或更高版本，Telegram: @EdXposed'
riru_edxposed_sandhook='一款基于Riru 23+ API开发的Xposed框架，支持运行在安卓8-11系统上。需要安装Riru v23或更高版本，Telegram: @EdXposed'
riru_ibr='将内部浏览器活动重定向到操作视图（ACTION_VIEW）'
riru_ifw_enhance='Riru的一个模块。增强意图防火墙。[( Riru - Core > 19 && API 26/27/28 ) Required]'
riru_location_report_enabler='启用Google位置报告，需要安装Riru - Core模块v19或以上版本'
#Riru - LSPosed
riru_lsposed='一款基于Riru 23+ API开发的Xposed框架，支持运行在安卓8-11系统上。需要安装Riru v23或更高版本，Telegram: @LSPosed'
riru_storage_redirect='为「存储空间隔离（存储重定向）」应用启用增强模式，功能：应用程序存储隔离功能的应用'
#Riru - Sui
riru_sui='现代的超级用户界面实现与Shizuku共享相同的API设计'
s7camera2fix='使基于Camera 2 API的应用程序能够以3840x2160的分辨率录制。与基于Exynos的三星设备兼容'
s7cammod='启用UHD @ 60 FPS, QHD @ 120 FPS, HEVC，在基于Exynos的三星设备（OREO/PIE）上，最高支持6400 ISO和90秒快门速度'
safetypatcher='刷新模块，重新启动并感谢XDA'
sap='简单的模块，添加一些系统口音的主题颜色到您的android P自定义rom，通过magisk闪存和重新启动后，转到设置>显示>颜色主题。文件被推送到/vendor/overlay.'
Systemless_TZData='更新你的ROM tzdata(时区数据)文件'
scr='对于不基于Lineage OS的ROM，在Oreo中修复了具有屏幕录像专用应用程序权限的录像机'
single_user='禁用多用户功能，包括访客帐户'
sony_device_dummy='为随身听、相册、天气和其他索尼应用程序添加虚拟索尼设备库。请先阅读自述文件README.md'
sonymusic='启用的Sony音乐应用程序和Playstore可更新'
sqlite3='为arm64设备提供sqlite3命令文件'
ssh='OpenSSH和Rsync与用于带有Magisk的Android的简单启动脚本捆绑在一起'
sysconfig_patcher='这个模块补丁所有相关的XML文件/system/etc/sysconfig/ 为了节省数据和电池，并在ROM/GApps更新后自动重新分配这些。它支持Magisk 17-19”'
taichi='用于激活太极 · 阳的Magisk模块'
#Debloater (Terminal Emulator)
#Static AARCH64 tcpdump v4.9.2
tcpdump_static_aarch64='添加静态AARCH64 Tcpdump二进制命令-用于从设备的网络接口捕获网络数据包的命令行工具'
terminal_debloater='使手机脱血！除血有时可能是特定于设备的。OEM应用有时可能对用户是垃圾，而对其他用户则不是。因此，我决定制作一个模块，以使用终端仿真器中的UI自定义系统应用程序（在Magisk中）的卸载。因此，您可以帮助自己卸载自己的膨胀！'
#App Systemizer (Terminal Emulator)
terminal_systemizer='将应用程序转换为系统应用程序！支持所有运行Magisk的设备'
#Terminal Modifications
terminalmods='此模块编辑文件system/etc/mkshrc和system/etc/bash/bashrc。分别在运行bash或zsh的Linux机器上与.bashrc/ 相同.zshrc。'
tilebt='修复Poco F1 BT堆栈'
ttlfix_f1mi8='在所有高通骁龙845小米Mi8变体、Pocophone F1、MIX2S、MIX3的库存MIUI内核上添加对TTL目标模块的支持，并将TTL设置为64'
ttlfix_mi9='在所有高通骁龙855小米Mi9变体的库存MIUI内核上添加对TTL目标模块的支持，并将TTL设置为64'
twrp_helper='此模块可对设备的TWRP恢复映像进行动态的原位修补，以将内部存储包括在将来的数据备份中'
twrp_keep='在A/B OTA之后保持TWRP的安装-在每个OTA安装之后，但是在您从管理器将Magisk安装到非活动插槽之前，刷新此项'
v2ray='V2ray核心以及适用于Android的服务脚本'
vold_posix='为外部sdcard添加exfat ntfs ext4 f2fs文件系统支持。仅适用于类似AOSP的系统。 （f2fs仅在内核支持的情况下可用。）'
volte_kr_crosshatch='在韩国运营商（SK电信、KT和LG Uplus）上为谷歌Pixel 3和Pixel 3 XL系统地激活VoLTE'
wifi5ghzdisabler='在您的高通设备上禁用WiFi 5Ghz频段”'
wifi_bonding='修改WCNSS_qcom_cfg.ini使您的Wi-Fi带宽翻倍 by modifying'
wirelessFirmware='此模块为要与NetHunter一起使用的外部无线适配器添加所需的固件'
xmlpak='此模块使您可以从Google Play下载和安装供应商应用。不保证兼容性'
xposed='打包的官方Xposed框架 by @topjohnwu'
xposed_dalvik='打包的官方Dalvik Xposed框架by @MlgmXyysd. 支持Android 4.2, 4.3, 4.4, 4.4W. Telegram: @EdXposed'
zipsigner='包装的dexed zipsigner.jar，以及zip和zipalign命令文件'
zsh_arm64='Zsh命令文件'
fontrevival='更改字体和表情符号的最佳选择。有200多种字体和几种表情符号可供选择！ 网站：www.androidacy.com'

