ab设备后面会以_a和_b结尾，例如：boot_a & boot_b & system_a & system_b……

recovery
在正常分区或内核boot分区被破坏，不能正常启动时，可以进入此分区进行恢复，他相当与一个简易的OS或blos，可以认为是一个boot分区的替代品，通过他可以让我们在这一分区进行备份维护和恢复和刷机，我们通常刷的三方TWRP就是刷入到此分区，通过长按电源键和音量+进入


boot
负责启动检验工作，例如我们常用的Magisk就是修改的boot.img来达到启动时注入ROOT到系统，此分区也叫内核分区，一旦损坏会无法开机，没有recovery分区的设备recovery分区也在这里面


system
整个安卓系统和系统预装app，对应的手机目录就是/system开头的目录，一旦更改系统文件不正确就会无法开机


product & oem & vendor
设备制造商会自定义系统映像，以实施自己的功能并满足运营商的要求


userdata & data
就是用户的数据分区，所有三方软件都在这个分区，对应的手机目录就是/data，当前其中也包含内部储存数据


modem  & radio
就是用户的基带分区，一旦损坏会无法进行通讯


cache
安卓系统缓存区，他保存系统最常访问的数据和应用程序。擦除这个分区，不会影响个人数据，只是删除了这个分区中已经保存的缓存内容，缓存内容会在后续手机使用过程中重新自动生成。


splash 和 logo
安卓的第一屏开机图片和FASTBOOT模式下图片和系统损坏图片等


persist
传感器分区，一旦损坏会导致各种问题


dtbo
一些屏幕刷新率超频软件超频就是改的这个分区


vbmeta*
AVB/DM启动验证分区


misc
这个分区包括了一些杂项内容：比如一些系统设置和系统功能启用禁用设置。这些设置包括CID(运营商或区域识别码）、USB设置和一些硬件设置等等。这是一个很重要的分区，如果此分区损坏或者部分数据丢失，手机的一些特定功能可能不能正常工作。
